  Preprocessing: kernels.cl
  Setting target instruction set architecture to: Default (Advanced Vector Extension 2 (AVX2))
  OpenCL Intel CPU device was found!
  Device name: Intel(R) Core(TM) i5-6500 CPU @ 3.20GHz
  Device version: OpenCL 2.0 (Build 25)
  Device vendor: Intel(R) Corporation
  Device profile: FULL_PROFILE
  Compilation started
  Compilation done
  Linking started
  Linking done
  Device build started
  Device build done
  Kernel <accelerate_flow> was not vectorized
  Kernel <propagate> was not vectorized
  Kernel <collision> was not vectorized
  Kernel <rebound> was not vectorized
  Done.
  accelerate_flow info:
  	Maximum work-group size: 8192
  	Compiler work-group size: (0, 0, 0)
  	Local memory size: 0
  	Preferred multiple of work-group size: 128
  	Minimum amount of private memory: 0
  
  propagate info:
  	Maximum work-group size: 8192
  	Compiler work-group size: (0, 0, 0)
  	Local memory size: 0
  	Preferred multiple of work-group size: 128
  	Minimum amount of private memory: 0
  
  collision info:
  	Maximum work-group size: 8192
  	Compiler work-group size: (0, 0, 0)
  	Local memory size: 0
  	Preferred multiple of work-group size: 128
  	Minimum amount of private memory: 0
  
  rebound info:
  	Maximum work-group size: 8192
  	Compiler work-group size: (0, 0, 0)
  	Local memory size: 0
  	Preferred multiple of work-group size: 128
  	Minimum amount of private memory: 0
  
  Build succeeded!
  
  d2q9-bgk.c
..\..\..\linux\d2q9-bgk.c(172): warning C4101: 'systim': unreferenced local variable
..\..\..\linux\d2q9-bgk.c(171): warning C4101: 'usrtim': unreferenced local variable
..\..\..\linux\d2q9-bgk.c(170): warning C4101: 'tic': unreferenced local variable
..\..\..\linux\d2q9-bgk.c(170): warning C4101: 'toc': unreferenced local variable
..\..\..\linux\d2q9-bgk.c(436): warning C4244: 'return': conversion from 'double' to 'float', possible loss of data
..\..\..\linux\d2q9-bgk.c(452): warning C4996: 'fopen': This function or variable may be unsafe. Consider using fopen_s instead. To disable deprecation, use _CRT_SECURE_NO_WARNINGS. See online help for details.
  D:\Program Files (x86)\Windows Kits\10\Include\10.0.10240.0\ucrt\stdio.h(205): note: see declaration of 'fopen'
..\..\..\linux\d2q9-bgk.c(456): warning C4996: 'sprintf': This function or variable may be unsafe. Consider using sprintf_s instead. To disable deprecation, use _CRT_SECURE_NO_WARNINGS. See online help for details.
  D:\Program Files (x86)\Windows Kits\10\Include\10.0.10240.0\ucrt\stdio.h(1769): note: see declaration of 'sprintf'
..\..\..\linux\d2q9-bgk.c(461): warning C4996: 'fscanf': This function or variable may be unsafe. Consider using fscanf_s instead. To disable deprecation, use _CRT_SECURE_NO_WARNINGS. See online help for details.
  D:\Program Files (x86)\Windows Kits\10\Include\10.0.10240.0\ucrt\stdio.h(1193): note: see declaration of 'fscanf'
..\..\..\linux\d2q9-bgk.c(465): warning C4996: 'fscanf': This function or variable may be unsafe. Consider using fscanf_s instead. To disable deprecation, use _CRT_SECURE_NO_WARNINGS. See online help for details.
  D:\Program Files (x86)\Windows Kits\10\Include\10.0.10240.0\ucrt\stdio.h(1193): note: see declaration of 'fscanf'
..\..\..\linux\d2q9-bgk.c(469): warning C4996: 'fscanf': This function or variable may be unsafe. Consider using fscanf_s instead. To disable deprecation, use _CRT_SECURE_NO_WARNINGS. See online help for details.
  D:\Program Files (x86)\Windows Kits\10\Include\10.0.10240.0\ucrt\stdio.h(1193): note: see declaration of 'fscanf'
..\..\..\linux\d2q9-bgk.c(473): warning C4996: 'fscanf': This function or variable may be unsafe. Consider using fscanf_s instead. To disable deprecation, use _CRT_SECURE_NO_WARNINGS. See online help for details.
  D:\Program Files (x86)\Windows Kits\10\Include\10.0.10240.0\ucrt\stdio.h(1193): note: see declaration of 'fscanf'
..\..\..\linux\d2q9-bgk.c(477): warning C4996: 'fscanf': This function or variable may be unsafe. Consider using fscanf_s instead. To disable deprecation, use _CRT_SECURE_NO_WARNINGS. See online help for details.
  D:\Program Files (x86)\Windows Kits\10\Include\10.0.10240.0\ucrt\stdio.h(1193): note: see declaration of 'fscanf'
..\..\..\linux\d2q9-bgk.c(481): warning C4996: 'fscanf': This function or variable may be unsafe. Consider using fscanf_s instead. To disable deprecation, use _CRT_SECURE_NO_WARNINGS. See online help for details.
  D:\Program Files (x86)\Windows Kits\10\Include\10.0.10240.0\ucrt\stdio.h(1193): note: see declaration of 'fscanf'
..\..\..\linux\d2q9-bgk.c(485): warning C4996: 'fscanf': This function or variable may be unsafe. Consider using fscanf_s instead. To disable deprecation, use _CRT_SECURE_NO_WARNINGS. See online help for details.
  D:\Program Files (x86)\Windows Kits\10\Include\10.0.10240.0\ucrt\stdio.h(1193): note: see declaration of 'fscanf'
..\..\..\linux\d2q9-bgk.c(527): warning C4244: 'initializing': conversion from 'double' to 'float', possible loss of data
..\..\..\linux\d2q9-bgk.c(528): warning C4244: 'initializing': conversion from 'double' to 'float', possible loss of data
..\..\..\linux\d2q9-bgk.c(529): warning C4244: 'initializing': conversion from 'double' to 'float', possible loss of data
..\..\..\linux\d2q9-bgk.c(560): warning C4996: 'fopen': This function or variable may be unsafe. Consider using fopen_s instead. To disable deprecation, use _CRT_SECURE_NO_WARNINGS. See online help for details.
  D:\Program Files (x86)\Windows Kits\10\Include\10.0.10240.0\ucrt\stdio.h(205): note: see declaration of 'fopen'
..\..\..\linux\d2q9-bgk.c(564): warning C4996: 'sprintf': This function or variable may be unsafe. Consider using sprintf_s instead. To disable deprecation, use _CRT_SECURE_NO_WARNINGS. See online help for details.
  D:\Program Files (x86)\Windows Kits\10\Include\10.0.10240.0\ucrt\stdio.h(1769): note: see declaration of 'sprintf'
..\..\..\linux\d2q9-bgk.c(569): warning C4996: 'fscanf': This function or variable may be unsafe. Consider using fscanf_s instead. To disable deprecation, use _CRT_SECURE_NO_WARNINGS. See online help for details.
  D:\Program Files (x86)\Windows Kits\10\Include\10.0.10240.0\ucrt\stdio.h(1193): note: see declaration of 'fscanf'
..\..\..\linux\d2q9-bgk.c(602): warning C4996: 'fopen': This function or variable may be unsafe. Consider using fopen_s instead. To disable deprecation, use _CRT_SECURE_NO_WARNINGS. See online help for details.
  D:\Program Files (x86)\Windows Kits\10\Include\10.0.10240.0\ucrt\stdio.h(205): note: see declaration of 'fopen'
..\..\..\linux\d2q9-bgk.c(605): warning C4996: 'sprintf': This function or variable may be unsafe. Consider using sprintf_s instead. To disable deprecation, use _CRT_SECURE_NO_WARNINGS. See online help for details.
  D:\Program Files (x86)\Windows Kits\10\Include\10.0.10240.0\ucrt\stdio.h(1769): note: see declaration of 'sprintf'
..\..\..\linux\d2q9-bgk.c(610): warning C4996: 'clCreateCommandQueue': was declared deprecated
  D:\Program Files (x86)\Intel\OpenCL SDK\6.3\include\CL/cl.h(1428): note: see declaration of 'clCreateCommandQueue'
..\..\..\linux\d2q9-bgk.c(708): warning C4244: 'initializing': conversion from 'double' to 'const float', possible loss of data
..\..\..\linux\d2q9-bgk.c(756): warning C4244: '=': conversion from 'const double' to 'float', possible loss of data
..\..\..\linux\d2q9-bgk.c(785): warning C4244: '=': conversion from 'double' to 'float', possible loss of data
..\..\..\linux\d2q9-bgk.c(734): warning C4305: 'initializing': truncation from 'double' to 'const float'
..\..\..\linux\d2q9-bgk.c(741): warning C4996: 'fopen': This function or variable may be unsafe. Consider using fopen_s instead. To disable deprecation, use _CRT_SECURE_NO_WARNINGS. See online help for details.
  D:\Program Files (x86)\Windows Kits\10\Include\10.0.10240.0\ucrt\stdio.h(205): note: see declaration of 'fopen'
..\..\..\linux\d2q9-bgk.c(797): warning C4996: 'fopen': This function or variable may be unsafe. Consider using fopen_s instead. To disable deprecation, use _CRT_SECURE_NO_WARNINGS. See online help for details.
  D:\Program Files (x86)\Windows Kits\10\Include\10.0.10240.0\ucrt\stdio.h(205): note: see declaration of 'fopen'
..\..\..\linux\d2q9-bgk.c(877): warning C4996: 'getenv': This function or variable may be unsafe. Consider using _dupenv_s instead. To disable deprecation, use _CRT_SECURE_NO_WARNINGS. See online help for details.
  D:\Program Files (x86)\Windows Kits\10\Include\10.0.10240.0\ucrt\stdlib.h(1183): note: see declaration of 'getenv'
  lbm_opencl.vcxproj -> D:\Work\lbm_opencl\windows\lbm_opencl\lbm_opencl\..\..\..\linux\lbm_opencl.exe
  lbm_opencl.vcxproj -> D:\Work\lbm_opencl\windows\lbm_opencl\lbm_opencl\..\..\..\linux\lbm_opencl.pdb (Full PDB)
